<?xml version="1.0" encoding="UTF-8"?>
<testsuite name="TestSuite" time="302.479" tests="1" errors="0" skipped="0" failures="1">
  <properties>
    <property name="java.runtime.name" value="Java(TM) SE Runtime Environment"/>
    <property name="sun.boot.library.path" value="C:\Program Files\Java\jdk1.7.0_79\jre\bin"/>
    <property name="java.vm.version" value="24.79-b02"/>
    <property name="java.vm.vendor" value="Oracle Corporation"/>
    <property name="maven.multiModuleProjectDirectory" value="C:\Users\jerrick.m.falogme\Downloads\HCM-Configs\HCM-Configs\HCM-Configs\hcmselenium"/>
    <property name="java.vendor.url" value="http://java.oracle.com/"/>
    <property name="path.separator" value=";"/>
    <property name="guice.disable.misplaced.annotation.check" value="true"/>
    <property name="java.vm.name" value="Java HotSpot(TM) 64-Bit Server VM"/>
    <property name="file.encoding.pkg" value="sun.io"/>
    <property name="user.script" value=""/>
    <property name="user.country" value="US"/>
    <property name="sun.java.launcher" value="SUN_STANDARD"/>
    <property name="sun.os.patch.level" value="Service Pack 1"/>
    <property name="java.vm.specification.name" value="Java Virtual Machine Specification"/>
    <property name="user.dir" value="C:\Users\jerrick.m.falogme\Downloads\HCM-Configs\HCM-Configs\HCM-Configs\hcmselenium"/>
    <property name="java.runtime.version" value="1.7.0_79-b15"/>
    <property name="java.awt.graphicsenv" value="sun.awt.Win32GraphicsEnvironment"/>
    <property name="java.endorsed.dirs" value="C:\Program Files\Java\jdk1.7.0_79\jre\lib\endorsed"/>
    <property name="os.arch" value="amd64"/>
    <property name="java.io.tmpdir" value="C:\Users\JERRIC~1.FAL\AppData\Local\Temp\"/>
    <property name="line.separator" value="&#10;"/>
    <property name="java.vm.specification.vendor" value="Oracle Corporation"/>
    <property name="user.variant" value=""/>
    <property name="os.name" value="Windows 7"/>
    <property name="classworlds.conf" value="C:\Users\jerrick.m.falogme\workspace\.metadata\.plugins\org.eclipse.m2e.launching\launches\m2conf2073786682209179583.tmp"/>
    <property name="sun.jnu.encoding" value="Cp1252"/>
    <property name="java.library.path" value="C:\Program Files\Java\jdk1.7.0_79\bin;C:\windows\Sun\Java\bin;C:\windows\system32;C:\windows;C:/Program Files/Java/jdk1.7.0_79/bin/../jre/bin/server;C:/Program Files/Java/jdk1.7.0_79/bin/../jre/bin;C:/Program Files/Java/jdk1.7.0_79/bin/../jre/lib/amd64;C:\Program Files\Java\jdk1.7.0_79\bin;C:\ProgramData\Oracle\Java\javapath;C:\apache-tomcat-7.0.68\bin;C:\apache-ant-1.9.6\bin;C:\windows\system32;C:\windows;C:\windows\System32\Wbem;C:\windows\System32\WindowsPowerShell\v1.0\;C:\Program Files\Microsoft SQL Server\120\Tools\Binn\;c:\Program Files (x86)\Microsoft SQL Server\110\Tools\Binn\;c:\Program Files\Microsoft SQL Server\110\Tools\Binn\;c:\Program Files\Microsoft SQL Server\110\DTS\Binn\;C:\windows\system32\config\systemprofile\.dnx\bin;C:\Program Files\Microsoft DNX\Dnvm\;C:\opscode\chefdk\bin\;C:\Users\jerrick.m.falogme\Downloads\ruby-2.3.0\ruby-2.3.0\bin;C:\Users\jerrick.m.falogme\Downloads\eclipse-jee-mars-R-win32-x86_64\eclipse;;."/>
    <property name="java.specification.name" value="Java Platform API Specification"/>
    <property name="java.class.version" value="51.0"/>
    <property name="sun.management.compiler" value="HotSpot 64-Bit Tiered Compilers"/>
    <property name="os.version" value="6.1"/>
    <property name="user.home" value="C:\Users\jerrick.m.falogme"/>
    <property name="user.timezone" value="Asia/Shanghai"/>
    <property name="java.awt.printerjob" value="sun.awt.windows.WPrinterJob"/>
    <property name="java.specification.version" value="1.7"/>
    <property name="file.encoding" value="Cp1252"/>
    <property name="user.name" value="jerrick.m.falogme"/>
    <property name="java.class.path" value="/C:/Users/jerrick.m.falogme/Downloads/eclipse-jee-mars-R-win32-x86_64/eclipse/plugins/org.eclipse.m2e.maven.runtime_1.6.0.20150526-2031/jars/plexus-classworlds-2.5.2.jar"/>
    <property name="java.vm.specification.version" value="1.7"/>
    <property name="sun.arch.data.model" value="64"/>
    <property name="java.home" value="C:\Program Files\Java\jdk1.7.0_79\jre"/>
    <property name="sun.java.command" value="org.codehaus.plexus.classworlds.launcher.Launcher -B -P selenium-projectname-regression-test clean test"/>
    <property name="java.specification.vendor" value="Oracle Corporation"/>
    <property name="user.language" value="en"/>
    <property name="awt.toolkit" value="sun.awt.windows.WToolkit"/>
    <property name="java.vm.info" value="mixed mode"/>
    <property name="java.version" value="1.7.0_79"/>
    <property name="java.ext.dirs" value="C:\Program Files\Java\jdk1.7.0_79\jre\lib\ext;C:\windows\Sun\Java\lib\ext"/>
    <property name="sun.boot.class.path" value="C:\Program Files\Java\jdk1.7.0_79\jre\lib\resources.jar;C:\Program Files\Java\jdk1.7.0_79\jre\lib\rt.jar;C:\Program Files\Java\jdk1.7.0_79\jre\lib\sunrsasign.jar;C:\Program Files\Java\jdk1.7.0_79\jre\lib\jsse.jar;C:\Program Files\Java\jdk1.7.0_79\jre\lib\jce.jar;C:\Program Files\Java\jdk1.7.0_79\jre\lib\charsets.jar;C:\Program Files\Java\jdk1.7.0_79\jre\lib\jfr.jar;C:\Program Files\Java\jdk1.7.0_79\jre\classes"/>
    <property name="java.vendor" value="Oracle Corporation"/>
    <property name="maven.home" value="C:\Users\jerrick.m.falogme\Downloads\HCM-Configs\HCM-Configs\HCM-Configs\hcmselenium\EMBEDDED"/>
    <property name="file.separator" value="\"/>
    <property name="java.vendor.url.bug" value="http://bugreport.sun.com/bugreport/"/>
    <property name="sun.cpu.endian" value="little"/>
    <property name="sun.io.unicode.encoding" value="UnicodeLittle"/>
    <property name="sun.desktop" value="windows"/>
    <property name="sun.cpu.isalist" value="amd64"/>
  </properties>
  <testcase name="a_test" classname="hcm.tests.ManageDepartmentsTest" time="302.479">
    <failure message="30 second/s has elapsed after waiting for: //a[text()=&apos;ACN DOP DEPv1_10b1&apos;]&#10;Build info: version: &apos;2.52.0&apos;, revision: &apos;4c2593cfc3689a7fcd7be52549167e5ccc93ad28&apos;, time: &apos;2016-02-11 11:22:43&apos;&#10;System info: host: &apos;ETDB-510P680-D&apos;, ip: &apos;169.254.231.255&apos;, os.name: &apos;Windows 7&apos;, os.arch: &apos;amd64&apos;, os.version: &apos;6.1&apos;, java.version: &apos;1.7.0_79&apos;&#10;Driver info: driver.version: unknown" type="org.openqa.selenium.TimeoutException">org.openqa.selenium.TimeoutException: 30 second/s has elapsed after waiting for: //a[text()='ACN DOP DEPv1_10b1']
Build info: version: '2.52.0', revision: '4c2593cfc3689a7fcd7be52549167e5ccc93ad28', time: '2016-02-11 11:22:43'
System info: host: 'ETDB-510P680-D', ip: '169.254.231.255', os.name: 'Windows 7', os.arch: 'amd64', os.version: '6.1', java.version: '1.7.0_79'
Driver info: driver.version: unknown
	at common.TaskUtilities.customWaitForElementVisibility(TaskUtilities.java:174)
	at hcm.tests.ManageDepartmentsTest.createDepartment(ManageDepartmentsTest.java:163)
	at hcm.tests.ManageDepartmentsTest.a_test(ManageDepartmentsTest.java:24)
</failure>
    <system-out><![CDATA[...
... TestNG 6.9.6 by CÃ©dric Beust (cedric@beust.com)
...


===== Executing ManageDepartmentsTest :Test Case 1 =====

Running Test in FireFox
Checking landed page...  We landed on the correct page: login-aufsn4x0cba.oracleoutsourcing.com/oam/server/obrareq.cgi
Entered User ID...
Entered Password...
Clicked Sign In Button...
Checking landed page...  We landed on the correct page: /hcmCore/faces/FuseWelcome
Clicked the Navigator...
Workforce Structures link has been clicked...
Checking landed page...  We landed on the correct page: /hcmCoreSetup/faces/HcmWSIntWA
Excel Input has been passed as a string
Excel Input has been passed as a string
Excel Input has been passed as a string
Excel Input has been passed as a string
Excel Input has been passed as a string
Excel Input has been passed as a string
Check element presence is now finised...
Clicking Manage Departments link...
Clicking Manage Departments...
Element is now visible after 5 second/s.....
Attempting to catch element.....
Element has been refreshed after 0 tries.....
Clicking Create icon...
Excel Input has been passed as a string
Now holding: Effective Start Date
Element is now visible after 2 second/s.....
Excel Input has been passed as a string

**********
Excel Input has been passed as a string
Filtering text.....*Effective Start Date
Now holding: Effective Start Date
Excel Input has been passed as a Date
Old value is : Wed Dec 12 00:00:00 CST 2012
the value is now: 12/12/2012
Input value.....12/12/2012
Validating if dataLocator: Effective Start Date is visible.
Element is now visible after 0 second/s.....
Attempting to find known valid path for dataLocator: Effective Start Date
Valid Input path has been found after 0 tries...
Assigned path: 
//td/label[text()='Effective Start Date']/../../td/input
Attempting to catch element.....
Element has been refreshed after 0 tries.....
Checking next data locator.....
Excel Input has been passed as a string
Now holding: Department Set
Validating if dataLocator: Department Set is visible.
Element is now visible after 0 second/s.....
Attempting to find known valid path for dataLocator: Department Set
Valid Input path has been found after 1 tries...
Assigned path: 
//td/label[text()='Department Set']/../../td/span/input
Excel Input has been passed as a string

**********
Excel Input has been passed as a string
Filtering text.....*Department Set
Now holding: Department Set
Excel Input has been passed as a string
Input value.....Common Set
Validating if dataLocator: Department Set is visible.
Element is now visible after 0 second/s.....
Attempting to find known valid path for dataLocator: Department Set
Valid Input path has been found after 1 tries...
Assigned path: 
//td/label[text()='Department Set']/../../td/span/input
Attempting to catch element.....
Element has been refreshed after 0 tries.....
Checking next data locator.....
Excel Input has been passed as a string
Now holding: Name
Validating if dataLocator: Name is visible.
Element is now visible after 0 second/s.....
Attempting to find known valid path for dataLocator: Name
Valid Input path has been found after 0 tries...
Assigned path: 
//td/label[text()='Name']/../../td/input
Excel Input has been passed as a string

**********
Excel Input has been passed as a string
Filtering text.....*Name
Now holding: Name
Excel Input has been passed as a string
Input value.....ACN DOP DEPv1_10a1
Validating if dataLocator: Name is visible.
Element is now visible after 0 second/s.....
Attempting to find known valid path for dataLocator: Name
Valid Input path has been found after 0 tries...
Assigned path: 
//td/label[text()='Name']/../../td/input
Attempting to catch element.....
Element has been refreshed after 0 tries.....
Checking next data locator.....
Excel Input has been passed as a string
Now holding: Internal Address Line
Validating if dataLocator: Internal Address Line is visible.
Element is now visible after 0 second/s.....
Attempting to find known valid path for dataLocator: Internal Address Line
Valid Input path has been found after 0 tries...
Assigned path: 
//td/label[text()='Internal Address Line']/../../td/input
Excel Input has been passed as a string

**********
Excel Input has been passed as a string
Filtering text.....Internal Address Line
Now holding: Internal Address Line
Excel Input has been passed as a string
Input value.....
Validating if dataLocator: Internal Address Line is visible.
Element is now visible after 0 second/s.....
Attempting to find known valid path for dataLocator: Internal Address Line
Valid Input path has been found after 0 tries...
Assigned path: 
//td/label[text()='Internal Address Line']/../../td/input
Attempting to catch element.....
Element has been refreshed after 0 tries.....
Checking next data locator.....
Excel Input has been passed as a string
Now holding: Status
Validating if dataLocator: Status is visible.
Element is now visible after 0 second/s.....
Attempting to find known valid path for dataLocator: Status
Valid Input path has been found after 3 tries...
Assigned path: 
//td/label[text()='Status']/../../td/select
Excel Input has been passed as a string

**********
Excel Input has been passed as a string
Filtering text.....Status
Now holding: Status
Excel Input has been passed as a string
Input value.....Active
Validating if dataLocator: Status is visible.
Element is now visible after 0 second/s.....
Attempting to find known valid path for dataLocator: Status
Valid Input path has been found after 3 tries...
Assigned path: 
//td/label[text()='Status']/../../td/select
Attempting to catch element.....
Element has been refreshed after 0 tries.....
Element is now visible after 0 second/s.....
Attempting to catch element.....
Element has been refreshed after 0 tries.....
Checking next data locator.....
Excel Input has been passed as a string
Now holding: Action Reason
Validating if dataLocator: Action Reason is visible.
Element is now visible after 0 second/s.....
Attempting to find known valid path for dataLocator: Action Reason
Valid Input path has been found after 1 tries...
Assigned path: 
//td/label[text()='Action Reason']/../../td/span/input
Excel Input has been passed as a string

**********
Excel Input has been passed as a string
Filtering text.....Action Reason
Now holding: Action Reason
Excel Input has been passed as a string
Input value.....
Validating if dataLocator: Action Reason is visible.
Element is now visible after 0 second/s.....
Attempting to find known valid path for dataLocator: Action Reason
Valid Input path has been found after 1 tries...
Assigned path: 
//td/label[text()='Action Reason']/../../td/span/input
Attempting to catch element.....
Element has been refreshed after 0 tries.....
Checking next data locator.....
Excel Input has been passed as a string
Now holding: Location
Validating if dataLocator: Location is visible.
Element is now visible after 0 second/s.....
Attempting to find known valid path for dataLocator: Location
Valid Input path has been found after 2 tries...
Assigned path: 
//td/label[text()='Location']/../../td/span/span/input
Excel Input has been passed as a string

**********
Excel Input has been passed as a string
Filtering text.....Location
Now holding: Location
Excel Input has been passed as a string
Input value.....ACN US Location1
Validating if dataLocator: Location is visible.
Element is now visible after 0 second/s.....
Attempting to find known valid path for dataLocator: Location
Valid Input path has been found after 2 tries...
Assigned path: 
//td/label[text()='Location']/../../td/span/span/input
Attempting to catch element.....
Element has been refreshed after 0 tries.....
Checking next data locator.....
Excel Input has been passed as a string
Now holding: Context Value
Validating if dataLocator: Context Value is visible.
Element is now visible after 0 second/s.....
Attempting to find known valid path for dataLocator: Context Value
Valid Input path has been found after 3 tries...
Assigned path: 
//td/label[text()='Context Value']/../../td/select
Excel Input has been passed as a string

**********
Excel Input has been passed as a string
Filtering text.....Context Value
Now holding: Context Value
Excel Input has been passed as a string
Input value.....
Validating if dataLocator: Context Value is visible.
Element is now visible after 0 second/s.....
Attempting to find known valid path for dataLocator: Context Value
Valid Input path has been found after 3 tries...
Assigned path: 
//td/label[text()='Context Value']/../../td/select
Attempting to catch element.....
Element has been refreshed after 0 tries.....
Checking next data locator.....
Excel Input has been passed as a string
Now holding: Reporting Name
Validating if dataLocator: Reporting Name is visible.
The dataLocator: Reporting Name cannot be a label.
Clicking Next button...
Clicking Next...
Verifying container value.....
Last container value: '<div id="d1::msgDlg" class="xim"><div style="display: none;" class="x1kt" _afrpanelwindowbackground="1"></div><div style="display: none;" class="x1kt" _afrpanelwindowbackground="1"></div><div style="display: none;" class="x1kt" _afrpanelwindowbackground="1"></div><div style="display: none;" class="x1kt" _afrpanelwindowbackground="1"></div><table summary="" class="xej" border="0" cellpadding="0" cellspacing="0"><tbody><tr><td class="p_AFResizable x1jw" id="d1::msgDlg::_hse">&nbsp;</td><td class="p_AFResizable x1jy" id="d1::msgDlg::_hce"><table summary="" border="0" cellpadding="0" cellspacing="0" width="100%"><tbody><tr><td><div id="d1::msgDlg::_ticn" class="x1kn" style=""><img src="https://hcm-aufsn4x0cba.oracleoutsourcing.com/hcmCoreSetup/afr/error.png" alt=""></div></td><td style="-moz-user-select: none;" class="x1k2" id="d1::msgDlg::tb"><div id="d1::msgDlg::_ttxt" class="x1kl">Error</div></td><td><div class="x1kp"><a href="#" onclick="return false" class="x1kg" id="d1::msgDlg::close" title="Close"></a></div></td></tr></tbody></table></td><td class="p_AFResizable x1k0" id="d1::msgDlg::_hee">&nbsp;</td></tr><tr><td class="p_AFResizable xlj" id="d1::msgDlg::_cse">&nbsp;</td><td tabindex="-1" class="p_AFResizable x1o" id="d1::msgDlg::contentContainer"><div id="d1::msgDlg::_ccntr" class="x1k5" style="position:relative;overflow:auto;"><div id="d1::msgDlg::_cnt" class="x1gm"><div><div class="x1ha"></div><table class="x1ho af|messages::message-list-page" summary="" cellpadding="0" cellspacing="0"><tbody><tr><td class="x1hs"><table class="x1ho" summary="" cellpadding="0" cellspacing="0"><tbody><tr><td style="width: 0px;" valign="top"></td><td class="af|message::detail-cell"><div class="x1hk"><span>An object of type department with the name ACN DOP DEPv1_10a1 already exists. Enter a unique name.</span></div></td></tr></tbody></table></td></tr></tbody></table></div></div></div></td><td class="p_AFResizable xls" id="d1::msgDlg::_cee">&nbsp;</td></tr><tr><td class="p_AFResizable x1k9" id="d1::msgDlg::_fse"><div></div></td><td class="p_AFResizable x1kb" id="d1::msgDlg::_fce"><table summary="" border="0" cellpadding="0" cellspacing="0" width="100%"><tbody><tr><td class="p_AFResizable x1ke" id="d1::msgDlg::_fcc"><button _afrpdo="cancel" type="button" id="d1::msgDlg::cancel" class="xqv p_AFTextOnly" onclick="return false;">OK</button></td><td align="left" valign="bottom"><div class="p_AFResizable x1kk"><a tabindex="-1" class="x1ki" id="d1::msgDlg::_ree" title="Resize"></a></div></td></tr></tbody></table></td><td class="p_AFResizable x1kd" id="d1::msgDlg::_fee"><div></div></td></tr></tbody></table></div>'
after 5 tries.
Verifying container value.....
Last container value: ''
after 1 tries.
Verifying container value.....
Last container value: '<div id="d1::msgDlg" class="xim"><div style="display: none;" class="x1kt" _afrpanelwindowbackground="1"></div><div style="display: none;" class="x1kt" _afrpanelwindowbackground="1"></div><div style="display: none;" class="x1kt" _afrpanelwindowbackground="1"></div><div style="display: none;" class="x1kt" _afrpanelwindowbackground="1"></div><table summary="" class="xej" border="0" cellpadding="0" cellspacing="0"><tbody><tr><td class="p_AFResizable x1jw" id="d1::msgDlg::_hse">&nbsp;</td><td class="p_AFResizable x1jy" id="d1::msgDlg::_hce"><table summary="" border="0" cellpadding="0" cellspacing="0" width="100%"><tbody><tr><td><div id="d1::msgDlg::_ticn" class="x1kn" style=""><img src="https://hcm-aufsn4x0cba.oracleoutsourcing.com/hcmCoreSetup/afr/error.png" alt=""></div></td><td style="-moz-user-select: none;" class="x1k2" id="d1::msgDlg::tb"><div id="d1::msgDlg::_ttxt" class="x1kl">Error</div></td><td><div class="x1kp"><a href="#" onclick="return false" class="x1kg" id="d1::msgDlg::close" title="Close"></a></div></td></tr></tbody></table></td><td class="p_AFResizable x1k0" id="d1::msgDlg::_hee">&nbsp;</td></tr><tr><td class="p_AFResizable xlj" id="d1::msgDlg::_cse">&nbsp;</td><td tabindex="-1" class="p_AFResizable x1o" id="d1::msgDlg::contentContainer"><div id="d1::msgDlg::_ccntr" class="x1k5" style="position:relative;overflow:auto;"><div id="d1::msgDlg::_cnt" class="x1gm"><div><div class="x1ha"></div><table class="x1ho af|messages::message-list-page" summary="" cellpadding="0" cellspacing="0"><tbody><tr><td class="x1hs"><table class="x1ho" summary="" cellpadding="0" cellspacing="0"><tbody><tr><td style="width: 0px;" valign="top"></td><td class="af|message::detail-cell"><div class="x1hk"><span>An object of type department with the name ACN DOP DEPv1_10a1 already exists. Enter a unique name.</span></div></td></tr></tbody></table></td></tr></tbody></table></div></div></div></td><td class="p_AFResizable xls" id="d1::msgDlg::_cee">&nbsp;</td></tr><tr><td class="p_AFResizable x1k9" id="d1::msgDlg::_fse"><div></div></td><td class="p_AFResizable x1kb" id="d1::msgDlg::_fce"><table summary="" border="0" cellpadding="0" cellspacing="0" width="100%"><tbody><tr><td class="p_AFResizable x1ke" id="d1::msgDlg::_fcc"><button _afrpdo="cancel" type="button" id="d1::msgDlg::cancel" class="xqv p_AFTextOnly" onclick="return false;">OK</button></td><td align="left" valign="bottom"><div class="p_AFResizable x1kk"><a tabindex="-1" class="x1ki" id="d1::msgDlg::_ree" title="Resize"></a></div></td></tr></tbody></table></td><td class="p_AFResizable x1kd" id="d1::msgDlg::_fee"><div></div></td></tr></tbody></table></div>'
after 5 tries.
Verifying container value.....
Last container value: ''
after 1 tries.
Verifying container value.....
Last container value: '<div id="d1::msgDlg" class="xim"><div style="display: none;" class="x1kt" _afrpanelwindowbackground="1"></div><div style="display: none;" class="x1kt" _afrpanelwindowbackground="1"></div><div style="display: none;" class="x1kt" _afrpanelwindowbackground="1"></div><div style="display: none;" class="x1kt" _afrpanelwindowbackground="1"></div><table summary="" class="xej" border="0" cellpadding="0" cellspacing="0"><tbody><tr><td class="p_AFResizable x1jw" id="d1::msgDlg::_hse">&nbsp;</td><td class="p_AFResizable x1jy" id="d1::msgDlg::_hce"><table summary="" border="0" cellpadding="0" cellspacing="0" width="100%"><tbody><tr><td><div id="d1::msgDlg::_ticn" class="x1kn" style=""><img src="https://hcm-aufsn4x0cba.oracleoutsourcing.com/hcmCoreSetup/afr/error.png" alt=""></div></td><td style="-moz-user-select: none;" class="x1k2" id="d1::msgDlg::tb"><div id="d1::msgDlg::_ttxt" class="x1kl">Error</div></td><td><div class="x1kp"><a href="#" onclick="return false" class="x1kg" id="d1::msgDlg::close" title="Close"></a></div></td></tr></tbody></table></td><td class="p_AFResizable x1k0" id="d1::msgDlg::_hee">&nbsp;</td></tr><tr><td class="p_AFResizable xlj" id="d1::msgDlg::_cse">&nbsp;</td><td tabindex="-1" class="p_AFResizable x1o" id="d1::msgDlg::contentContainer"><div id="d1::msgDlg::_ccntr" class="x1k5" style="position:relative;overflow:auto;"><div id="d1::msgDlg::_cnt" class="x1gm"><div><div class="x1ha"></div><table class="x1ho af|messages::message-list-page" summary="" cellpadding="0" cellspacing="0"><tbody><tr><td class="x1hs"><table class="x1ho" summary="" cellpadding="0" cellspacing="0"><tbody><tr><td style="width: 0px;" valign="top"></td><td class="af|message::detail-cell"><div class="x1hk"><span>An object of type department with the name ACN DOP DEPv1_10a1 already exists. Enter a unique name.</span></div></td></tr></tbody></table></td></tr></tbody></table></div></div></div></td><td class="p_AFResizable xls" id="d1::msgDlg::_cee">&nbsp;</td></tr><tr><td class="p_AFResizable x1k9" id="d1::msgDlg::_fse"><div></div></td><td class="p_AFResizable x1kb" id="d1::msgDlg::_fce"><table summary="" border="0" cellpadding="0" cellspacing="0" width="100%"><tbody><tr><td class="p_AFResizable x1ke" id="d1::msgDlg::_fcc"><button _afrpdo="cancel" type="button" id="d1::msgDlg::cancel" class="xqv p_AFTextOnly" onclick="return false;">OK</button></td><td align="left" valign="bottom"><div class="p_AFResizable x1kk"><a tabindex="-1" class="x1ki" id="d1::msgDlg::_ree" title="Resize"></a></div></td></tr></tbody></table></td><td class="p_AFResizable x1kd" id="d1::msgDlg::_fee"><div></div></td></tr></tbody></table></div>'
after 5 tries.
Verifying container value.....
Last container value: ''
after 1 tries.
Verifying container value.....
Last container value: '<div id="d1::msgDlg" class="xim"><div style="display: none;" class="x1kt" _afrpanelwindowbackground="1"></div><div style="display: none;" class="x1kt" _afrpanelwindowbackground="1"></div><div style="display: none;" class="x1kt" _afrpanelwindowbackground="1"></div><div style="display: none;" class="x1kt" _afrpanelwindowbackground="1"></div><table summary="" class="xej" border="0" cellpadding="0" cellspacing="0"><tbody><tr><td class="p_AFResizable x1jw" id="d1::msgDlg::_hse">&nbsp;</td><td class="p_AFResizable x1jy" id="d1::msgDlg::_hce"><table summary="" border="0" cellpadding="0" cellspacing="0" width="100%"><tbody><tr><td><div id="d1::msgDlg::_ticn" class="x1kn" style=""><img src="https://hcm-aufsn4x0cba.oracleoutsourcing.com/hcmCoreSetup/afr/error.png" alt=""></div></td><td style="-moz-user-select: none;" class="x1k2" id="d1::msgDlg::tb"><div id="d1::msgDlg::_ttxt" class="x1kl">Error</div></td><td><div class="x1kp"><a href="#" onclick="return false" class="x1kg" id="d1::msgDlg::close" title="Close"></a></div></td></tr></tbody></table></td><td class="p_AFResizable x1k0" id="d1::msgDlg::_hee">&nbsp;</td></tr><tr><td class="p_AFResizable xlj" id="d1::msgDlg::_cse">&nbsp;</td><td tabindex="-1" class="p_AFResizable x1o" id="d1::msgDlg::contentContainer"><div id="d1::msgDlg::_ccntr" class="x1k5" style="position:relative;overflow:auto;"><div id="d1::msgDlg::_cnt" class="x1gm"><div><div class="x1ha"></div><table class="x1ho af|messages::message-list-page" summary="" cellpadding="0" cellspacing="0"><tbody><tr><td class="x1hs"><table class="x1ho" summary="" cellpadding="0" cellspacing="0"><tbody><tr><td style="width: 0px;" valign="top"></td><td class="af|message::detail-cell"><div class="x1hk"><span>An object of type department with the name ACN DOP DEPv1_10a1 already exists. Enter a unique name.</span></div></td></tr></tbody></table></td></tr></tbody></table></div></div></div></td><td class="p_AFResizable xls" id="d1::msgDlg::_cee">&nbsp;</td></tr><tr><td class="p_AFResizable x1k9" id="d1::msgDlg::_fse"><div></div></td><td class="p_AFResizable x1kb" id="d1::msgDlg::_fce"><table summary="" border="0" cellpadding="0" cellspacing="0" width="100%"><tbody><tr><td class="p_AFResizable x1ke" id="d1::msgDlg::_fcc"><button _afrpdo="cancel" type="button" id="d1::msgDlg::cancel" class="xqv p_AFTextOnly" onclick="return false;">OK</button></td><td align="left" valign="bottom"><div class="p_AFResizable x1kk"><a tabindex="-1" class="x1ki" id="d1::msgDlg::_ree" title="Resize"></a></div></td></tr></tbody></table></td><td class="p_AFResizable x1kd" id="d1::msgDlg::_fee"><div></div></td></tr></tbody></table></div>'
after 5 tries.
Verifying container value.....
Last container value: ''
after 1 tries.
Verifying container value.....
Last container value: ''
after 3 tries.
Excel Input has been passed as a string
Now holding: ACN DOP DEPv1_10a1
Failed to create Department ACN DOP DEPv1_10a1

Clicking Cancel button...
Element is now visible after 3 second/s.....
Clicking Yes button...
Excel Input has been passed as a string
Check element presence is now finised...
Clicking Manage Departments link...
Clicking Manage Departments...
Element is now visible after 2 second/s.....
Attempting to catch element.....
Element has been refreshed after 0 tries.....
Clicking Create icon...
Excel Input has been passed as a string
Now holding: Effective Start Date
Element is now visible after 5 second/s.....
Excel Input has been passed as a string

**********
Excel Input has been passed as a string
Filtering text.....*Effective Start Date
Now holding: Effective Start Date
Excel Input has been passed as a Date
Old value is : Mon Jan 01 00:00:00 CST 2001
the value is now: 01/01/2001
Input value.....01/01/2001
Validating if dataLocator: Effective Start Date is visible.
Element is now visible after 0 second/s.....
Attempting to find known valid path for dataLocator: Effective Start Date
Valid Input path has been found after 0 tries...
Assigned path: 
//td/label[text()='Effective Start Date']/../../td/input
Attempting to catch element.....
Element has been refreshed after 0 tries.....
Checking next data locator.....
Excel Input has been passed as a string
Now holding: Department Set
Validating if dataLocator: Department Set is visible.
Element is now visible after 0 second/s.....
Attempting to find known valid path for dataLocator: Department Set
Valid Input path has been found after 1 tries...
Assigned path: 
//td/label[text()='Department Set']/../../td/span/input
Excel Input has been passed as a string

**********
Excel Input has been passed as a string
Filtering text.....*Department Set
Now holding: Department Set
Excel Input has been passed as a string
Input value.....Common Set
Validating if dataLocator: Department Set is visible.
Element is now visible after 0 second/s.....
Attempting to find known valid path for dataLocator: Department Set
Valid Input path has been found after 1 tries...
Assigned path: 
//td/label[text()='Department Set']/../../td/span/input
Attempting to catch element.....
Element has been refreshed after 0 tries.....
Checking next data locator.....
Excel Input has been passed as a string
Now holding: Name
Validating if dataLocator: Name is visible.
Element is now visible after 0 second/s.....
Attempting to find known valid path for dataLocator: Name
Valid Input path has been found after 0 tries...
Assigned path: 
//td/label[text()='Name']/../../td/input
Excel Input has been passed as a string

**********
Excel Input has been passed as a string
Filtering text.....*Name
Now holding: Name
Excel Input has been passed as a string
Input value.....ACN DOP DEPv1_10a2
Validating if dataLocator: Name is visible.
Element is now visible after 0 second/s.....
Attempting to find known valid path for dataLocator: Name
Valid Input path has been found after 0 tries...
Assigned path: 
//td/label[text()='Name']/../../td/input
Attempting to catch element.....
Element has been refreshed after 0 tries.....
Checking next data locator.....
Excel Input has been passed as a string
Now holding: Internal Address Line
Validating if dataLocator: Internal Address Line is visible.
Element is now visible after 0 second/s.....
Attempting to find known valid path for dataLocator: Internal Address Line
Valid Input path has been found after 0 tries...
Assigned path: 
//td/label[text()='Internal Address Line']/../../td/input
Excel Input has been passed as a string

**********
Excel Input has been passed as a string
Filtering text.....Internal Address Line
Now holding: Internal Address Line
Excel Input has been passed as a string
Input value.....
Validating if dataLocator: Internal Address Line is visible.
Element is now visible after 0 second/s.....
Attempting to find known valid path for dataLocator: Internal Address Line
Valid Input path has been found after 0 tries...
Assigned path: 
//td/label[text()='Internal Address Line']/../../td/input
Attempting to catch element.....
Element has been refreshed after 0 tries.....
Checking next data locator.....
Excel Input has been passed as a string
Now holding: Status
Validating if dataLocator: Status is visible.
Element is now visible after 0 second/s.....
Attempting to find known valid path for dataLocator: Status
Valid Input path has been found after 3 tries...
Assigned path: 
//td/label[text()='Status']/../../td/select
Excel Input has been passed as a string

**********
Excel Input has been passed as a string
Filtering text.....Status
Now holding: Status
Excel Input has been passed as a string
Input value.....Active
Validating if dataLocator: Status is visible.
Element is now visible after 0 second/s.....
Attempting to find known valid path for dataLocator: Status
Valid Input path has been found after 3 tries...
Assigned path: 
//td/label[text()='Status']/../../td/select
Attempting to catch element.....
Element has been refreshed after 0 tries.....
Element is now visible after 0 second/s.....
Attempting to catch element.....
Element has been refreshed after 0 tries.....
Checking next data locator.....
Excel Input has been passed as a string
Now holding: Action Reason
Validating if dataLocator: Action Reason is visible.
Element is now visible after 0 second/s.....
Attempting to find known valid path for dataLocator: Action Reason
Valid Input path has been found after 1 tries...
Assigned path: 
//td/label[text()='Action Reason']/../../td/span/input
Excel Input has been passed as a string

**********
Excel Input has been passed as a string
Filtering text.....Action Reason
Now holding: Action Reason
Excel Input has been passed as a string
Input value.....
Validating if dataLocator: Action Reason is visible.
Element is now visible after 0 second/s.....
Attempting to find known valid path for dataLocator: Action Reason
Valid Input path has been found after 1 tries...
Assigned path: 
//td/label[text()='Action Reason']/../../td/span/input
Attempting to catch element.....
Element has been refreshed after 0 tries.....
Checking next data locator.....
Excel Input has been passed as a string
Now holding: Location
Validating if dataLocator: Location is visible.
Element is now visible after 0 second/s.....
Attempting to find known valid path for dataLocator: Location
Valid Input path has been found after 2 tries...
Assigned path: 
//td/label[text()='Location']/../../td/span/span/input
Excel Input has been passed as a string

**********
Excel Input has been passed as a string
Filtering text.....Location
Now holding: Location
Excel Input has been passed as a string
Input value.....ACN US Location2
Validating if dataLocator: Location is visible.
Element is now visible after 0 second/s.....
Attempting to find known valid path for dataLocator: Location
Valid Input path has been found after 2 tries...
Assigned path: 
//td/label[text()='Location']/../../td/span/span/input
Attempting to catch element.....
Element has been refreshed after 0 tries.....
Checking next data locator.....
Excel Input has been passed as a string
Now holding: Context Value
Validating if dataLocator: Context Value is visible.
Element is now visible after 0 second/s.....
Attempting to find known valid path for dataLocator: Context Value
Valid Input path has been found after 3 tries...
Assigned path: 
//td/label[text()='Context Value']/../../td/select
Excel Input has been passed as a string

**********
Excel Input has been passed as a string
Filtering text.....Context Value
Now holding: Context Value
Excel Input has been passed as a string
Input value.....
Validating if dataLocator: Context Value is visible.
Element is now visible after 0 second/s.....
Attempting to find known valid path for dataLocator: Context Value
Valid Input path has been found after 3 tries...
Assigned path: 
//td/label[text()='Context Value']/../../td/select
Attempting to catch element.....
Element has been refreshed after 0 tries.....
Checking next data locator.....
Excel Input has been passed as a string
Now holding: Reporting Name
Validating if dataLocator: Reporting Name is visible.
The dataLocator: Reporting Name cannot be a label.
Clicking Next button...
Clicking Next...
Verifying container value.....
Last container value: '<div id="d1::msgDlg" class="xim"><div style="display: none;" class="x1kt" _afrpanelwindowbackground="1"></div><div style="display: none;" class="x1kt" _afrpanelwindowbackground="1"></div><div style="display: none;" class="x1kt" _afrpanelwindowbackground="1"></div><div style="display: none;" class="x1kt" _afrpanelwindowbackground="1"></div><table summary="" class="xej" border="0" cellpadding="0" cellspacing="0"><tbody><tr><td class="p_AFResizable x1jw" id="d1::msgDlg::_hse">&nbsp;</td><td class="p_AFResizable x1jy" id="d1::msgDlg::_hce"><table summary="" border="0" cellpadding="0" cellspacing="0" width="100%"><tbody><tr><td><div id="d1::msgDlg::_ticn" class="x1kn" style=""><img src="https://hcm-aufsn4x0cba.oracleoutsourcing.com/hcmCoreSetup/afr/error.png" alt=""></div></td><td style="-moz-user-select: none;" class="x1k2" id="d1::msgDlg::tb"><div id="d1::msgDlg::_ttxt" class="x1kl">Error</div></td><td><div class="x1kp"><a href="#" onclick="return false" class="x1kg" id="d1::msgDlg::close" title="Close"></a></div></td></tr></tbody></table></td><td class="p_AFResizable x1k0" id="d1::msgDlg::_hee">&nbsp;</td></tr><tr><td class="p_AFResizable xlj" id="d1::msgDlg::_cse">&nbsp;</td><td tabindex="-1" class="p_AFResizable x1o" id="d1::msgDlg::contentContainer"><div id="d1::msgDlg::_ccntr" class="x1k5" style="position:relative;overflow:auto;"><div id="d1::msgDlg::_cnt" class="x1gm"><div><div class="x1ha"></div><table class="x1ho af|messages::message-list-page" summary="" cellpadding="0" cellspacing="0"><tbody><tr><td class="x1hs"><table class="x1ho" summary="" cellpadding="0" cellspacing="0"><tbody><tr><td style="width: 0px;" valign="top"></td><td class="af|message::detail-cell"><div class="x1hk"><span>An object of type department with the name ACN DOP DEPv1_10a2 already exists. Enter a unique name.</span></div></td></tr></tbody></table></td></tr></tbody></table></div></div></div></td><td class="p_AFResizable xls" id="d1::msgDlg::_cee">&nbsp;</td></tr><tr><td class="p_AFResizable x1k9" id="d1::msgDlg::_fse"><div></div></td><td class="p_AFResizable x1kb" id="d1::msgDlg::_fce"><table summary="" border="0" cellpadding="0" cellspacing="0" width="100%"><tbody><tr><td class="p_AFResizable x1ke" id="d1::msgDlg::_fcc"><button _afrpdo="cancel" type="button" id="d1::msgDlg::cancel" class="xqv p_AFTextOnly" onclick="return false;">OK</button></td><td align="left" valign="bottom"><div class="p_AFResizable x1kk"><a tabindex="-1" class="x1ki" id="d1::msgDlg::_ree" title="Resize"></a></div></td></tr></tbody></table></td><td class="p_AFResizable x1kd" id="d1::msgDlg::_fee"><div></div></td></tr></tbody></table></div>'
after 5 tries.
Verifying container value.....
Last container value: ''
after 1 tries.
Verifying container value.....
Last container value: '<div id="d1::msgDlg" class="xim"><div style="display: none;" class="x1kt" _afrpanelwindowbackground="1"></div><div style="display: none;" class="x1kt" _afrpanelwindowbackground="1"></div><div style="display: none;" class="x1kt" _afrpanelwindowbackground="1"></div><div style="display: none;" class="x1kt" _afrpanelwindowbackground="1"></div><table summary="" class="xej" border="0" cellpadding="0" cellspacing="0"><tbody><tr><td class="p_AFResizable x1jw" id="d1::msgDlg::_hse">&nbsp;</td><td class="p_AFResizable x1jy" id="d1::msgDlg::_hce"><table summary="" border="0" cellpadding="0" cellspacing="0" width="100%"><tbody><tr><td><div id="d1::msgDlg::_ticn" class="x1kn" style=""><img src="https://hcm-aufsn4x0cba.oracleoutsourcing.com/hcmCoreSetup/afr/error.png" alt=""></div></td><td style="-moz-user-select: none;" class="x1k2" id="d1::msgDlg::tb"><div id="d1::msgDlg::_ttxt" class="x1kl">Error</div></td><td><div class="x1kp"><a href="#" onclick="return false" class="x1kg" id="d1::msgDlg::close" title="Close"></a></div></td></tr></tbody></table></td><td class="p_AFResizable x1k0" id="d1::msgDlg::_hee">&nbsp;</td></tr><tr><td class="p_AFResizable xlj" id="d1::msgDlg::_cse">&nbsp;</td><td tabindex="-1" class="p_AFResizable x1o" id="d1::msgDlg::contentContainer"><div id="d1::msgDlg::_ccntr" class="x1k5" style="position:relative;overflow:auto;"><div id="d1::msgDlg::_cnt" class="x1gm"><div><div class="x1ha"></div><table class="x1ho af|messages::message-list-page" summary="" cellpadding="0" cellspacing="0"><tbody><tr><td class="x1hs"><table class="x1ho" summary="" cellpadding="0" cellspacing="0"><tbody><tr><td style="width: 0px;" valign="top"></td><td class="af|message::detail-cell"><div class="x1hk"><span>An object of type department with the name ACN DOP DEPv1_10a2 already exists. Enter a unique name.</span></div></td></tr></tbody></table></td></tr></tbody></table></div></div></div></td><td class="p_AFResizable xls" id="d1::msgDlg::_cee">&nbsp;</td></tr><tr><td class="p_AFResizable x1k9" id="d1::msgDlg::_fse"><div></div></td><td class="p_AFResizable x1kb" id="d1::msgDlg::_fce"><table summary="" border="0" cellpadding="0" cellspacing="0" width="100%"><tbody><tr><td class="p_AFResizable x1ke" id="d1::msgDlg::_fcc"><button _afrpdo="cancel" type="button" id="d1::msgDlg::cancel" class="xqv p_AFTextOnly" onclick="return false;">OK</button></td><td align="left" valign="bottom"><div class="p_AFResizable x1kk"><a tabindex="-1" class="x1ki" id="d1::msgDlg::_ree" title="Resize"></a></div></td></tr></tbody></table></td><td class="p_AFResizable x1kd" id="d1::msgDlg::_fee"><div></div></td></tr></tbody></table></div>'
after 5 tries.
Verifying container value.....
Last container value: ''
after 1 tries.
Verifying container value.....
Last container value: '<div id="d1::msgDlg" class="xim"><div style="display: none;" class="x1kt" _afrpanelwindowbackground="1"></div><div style="display: none;" class="x1kt" _afrpanelwindowbackground="1"></div><div style="display: none;" class="x1kt" _afrpanelwindowbackground="1"></div><div style="display: none;" class="x1kt" _afrpanelwindowbackground="1"></div><table summary="" class="xej" border="0" cellpadding="0" cellspacing="0"><tbody><tr><td class="p_AFResizable x1jw" id="d1::msgDlg::_hse">&nbsp;</td><td class="p_AFResizable x1jy" id="d1::msgDlg::_hce"><table summary="" border="0" cellpadding="0" cellspacing="0" width="100%"><tbody><tr><td><div id="d1::msgDlg::_ticn" class="x1kn" style=""><img src="https://hcm-aufsn4x0cba.oracleoutsourcing.com/hcmCoreSetup/afr/error.png" alt=""></div></td><td style="-moz-user-select: none;" class="x1k2" id="d1::msgDlg::tb"><div id="d1::msgDlg::_ttxt" class="x1kl">Error</div></td><td><div class="x1kp"><a href="#" onclick="return false" class="x1kg" id="d1::msgDlg::close" title="Close"></a></div></td></tr></tbody></table></td><td class="p_AFResizable x1k0" id="d1::msgDlg::_hee">&nbsp;</td></tr><tr><td class="p_AFResizable xlj" id="d1::msgDlg::_cse">&nbsp;</td><td tabindex="-1" class="p_AFResizable x1o" id="d1::msgDlg::contentContainer"><div id="d1::msgDlg::_ccntr" class="x1k5" style="position:relative;overflow:auto;"><div id="d1::msgDlg::_cnt" class="x1gm"><div><div class="x1ha"></div><table class="x1ho af|messages::message-list-page" summary="" cellpadding="0" cellspacing="0"><tbody><tr><td class="x1hs"><table class="x1ho" summary="" cellpadding="0" cellspacing="0"><tbody><tr><td style="width: 0px;" valign="top"></td><td class="af|message::detail-cell"><div class="x1hk"><span>An object of type department with the name ACN DOP DEPv1_10a2 already exists. Enter a unique name.</span></div></td></tr></tbody></table></td></tr></tbody></table></div></div></div></td><td class="p_AFResizable xls" id="d1::msgDlg::_cee">&nbsp;</td></tr><tr><td class="p_AFResizable x1k9" id="d1::msgDlg::_fse"><div></div></td><td class="p_AFResizable x1kb" id="d1::msgDlg::_fce"><table summary="" border="0" cellpadding="0" cellspacing="0" width="100%"><tbody><tr><td class="p_AFResizable x1ke" id="d1::msgDlg::_fcc"><button _afrpdo="cancel" type="button" id="d1::msgDlg::cancel" class="xqv p_AFTextOnly" onclick="return false;">OK</button></td><td align="left" valign="bottom"><div class="p_AFResizable x1kk"><a tabindex="-1" class="x1ki" id="d1::msgDlg::_ree" title="Resize"></a></div></td></tr></tbody></table></td><td class="p_AFResizable x1kd" id="d1::msgDlg::_fee"><div></div></td></tr></tbody></table></div>'
after 5 tries.
Verifying container value.....
Last container value: ''
after 1 tries.
Verifying container value.....
Last container value: '<div id="d1::msgDlg" class="xim"><div style="display: none;" class="x1kt" _afrpanelwindowbackground="1"></div><div style="display: none;" class="x1kt" _afrpanelwindowbackground="1"></div><div style="display: none;" class="x1kt" _afrpanelwindowbackground="1"></div><div style="display: none;" class="x1kt" _afrpanelwindowbackground="1"></div><table summary="" class="xej" border="0" cellpadding="0" cellspacing="0"><tbody><tr><td class="p_AFResizable x1jw" id="d1::msgDlg::_hse">&nbsp;</td><td class="p_AFResizable x1jy" id="d1::msgDlg::_hce"><table summary="" border="0" cellpadding="0" cellspacing="0" width="100%"><tbody><tr><td><div id="d1::msgDlg::_ticn" class="x1kn" style=""><img src="https://hcm-aufsn4x0cba.oracleoutsourcing.com/hcmCoreSetup/afr/error.png" alt=""></div></td><td style="-moz-user-select: none;" class="x1k2" id="d1::msgDlg::tb"><div id="d1::msgDlg::_ttxt" class="x1kl">Error</div></td><td><div class="x1kp"><a href="#" onclick="return false" class="x1kg" id="d1::msgDlg::close" title="Close"></a></div></td></tr></tbody></table></td><td class="p_AFResizable x1k0" id="d1::msgDlg::_hee">&nbsp;</td></tr><tr><td class="p_AFResizable xlj" id="d1::msgDlg::_cse">&nbsp;</td><td tabindex="-1" class="p_AFResizable x1o" id="d1::msgDlg::contentContainer"><div id="d1::msgDlg::_ccntr" class="x1k5" style="position:relative;overflow:auto;"><div id="d1::msgDlg::_cnt" class="x1gm"><div><div class="x1ha"></div><table class="x1ho af|messages::message-list-page" summary="" cellpadding="0" cellspacing="0"><tbody><tr><td class="x1hs"><table class="x1ho" summary="" cellpadding="0" cellspacing="0"><tbody><tr><td style="width: 0px;" valign="top"></td><td class="af|message::detail-cell"><div class="x1hk"><span>An object of type department with the name ACN DOP DEPv1_10a2 already exists. Enter a unique name.</span></div></td></tr></tbody></table></td></tr></tbody></table></div></div></div></td><td class="p_AFResizable xls" id="d1::msgDlg::_cee">&nbsp;</td></tr><tr><td class="p_AFResizable x1k9" id="d1::msgDlg::_fse"><div></div></td><td class="p_AFResizable x1kb" id="d1::msgDlg::_fce"><table summary="" border="0" cellpadding="0" cellspacing="0" width="100%"><tbody><tr><td class="p_AFResizable x1ke" id="d1::msgDlg::_fcc"><button _afrpdo="cancel" type="button" id="d1::msgDlg::cancel" class="xqv p_AFTextOnly" onclick="return false;">OK</button></td><td align="left" valign="bottom"><div class="p_AFResizable x1kk"><a tabindex="-1" class="x1ki" id="d1::msgDlg::_ree" title="Resize"></a></div></td></tr></tbody></table></td><td class="p_AFResizable x1kd" id="d1::msgDlg::_fee"><div></div></td></tr></tbody></table></div>'
after 5 tries.
Verifying container value.....
Last container value: ''
after 1 tries.
Verifying container value.....
Last container value: '<div id="d1::msgDlg" class="xim"><div style="display: none;" class="x1kt" _afrpanelwindowbackground="1"></div><div style="display: none;" class="x1kt" _afrpanelwindowbackground="1"></div><div style="display: none;" class="x1kt" _afrpanelwindowbackground="1"></div><div style="display: none;" class="x1kt" _afrpanelwindowbackground="1"></div><table summary="" class="xej" border="0" cellpadding="0" cellspacing="0"><tbody><tr><td class="p_AFResizable x1jw" id="d1::msgDlg::_hse">&nbsp;</td><td class="p_AFResizable x1jy" id="d1::msgDlg::_hce"><table summary="" border="0" cellpadding="0" cellspacing="0" width="100%"><tbody><tr><td><div id="d1::msgDlg::_ticn" class="x1kn" style=""><img src="https://hcm-aufsn4x0cba.oracleoutsourcing.com/hcmCoreSetup/afr/error.png" alt=""></div></td><td style="-moz-user-select: none;" class="x1k2" id="d1::msgDlg::tb"><div id="d1::msgDlg::_ttxt" class="x1kl">Error</div></td><td><div class="x1kp"><a href="#" onclick="return false" class="x1kg" id="d1::msgDlg::close" title="Close"></a></div></td></tr></tbody></table></td><td class="p_AFResizable x1k0" id="d1::msgDlg::_hee">&nbsp;</td></tr><tr><td class="p_AFResizable xlj" id="d1::msgDlg::_cse">&nbsp;</td><td tabindex="-1" class="p_AFResizable x1o" id="d1::msgDlg::contentContainer"><div id="d1::msgDlg::_ccntr" class="x1k5" style="position:relative;overflow:auto;"><div id="d1::msgDlg::_cnt" class="x1gm"><div><div class="x1ha"></div><table class="x1ho af|messages::message-list-page" summary="" cellpadding="0" cellspacing="0"><tbody><tr><td class="x1hs"><table class="x1ho" summary="" cellpadding="0" cellspacing="0"><tbody><tr><td style="width: 0px;" valign="top"></td><td class="af|message::detail-cell"><div class="x1hk"><span>An object of type department with the name ACN DOP DEPv1_10a2 already exists. Enter a unique name.</span></div></td></tr></tbody></table></td></tr></tbody></table></div></div></div></td><td class="p_AFResizable xls" id="d1::msgDlg::_cee">&nbsp;</td></tr><tr><td class="p_AFResizable x1k9" id="d1::msgDlg::_fse"><div></div></td><td class="p_AFResizable x1kb" id="d1::msgDlg::_fce"><table summary="" border="0" cellpadding="0" cellspacing="0" width="100%"><tbody><tr><td class="p_AFResizable x1ke" id="d1::msgDlg::_fcc"><button _afrpdo="cancel" type="button" id="d1::msgDlg::cancel" class="xqv p_AFTextOnly" onclick="return false;">OK</button></td><td align="left" valign="bottom"><div class="p_AFResizable x1kk"><a tabindex="-1" class="x1ki" id="d1::msgDlg::_ree" title="Resize"></a></div></td></tr></tbody></table></td><td class="p_AFResizable x1kd" id="d1::msgDlg::_fee"><div></div></td></tr></tbody></table></div>'
after 5 tries.
Verifying container value.....
Last container value: ''
after 1 tries.
Verifying container value.....
Last container value: ''
after 1 tries.
Excel Input has been passed as a string
Now holding: ACN DOP DEPv1_10a2
Failed to create Department ACN DOP DEPv1_10a2

Clicking Cancel button...
Element is now visible after 4 second/s.....
Clicking Yes button...
Excel Input has been passed as a string
Check element presence is now finised...
Clicking Manage Departments link...
Clicking Manage Departments...
Element is now visible after 2 second/s.....
Attempting to catch element.....
Element has been refreshed after 0 tries.....
Clicking Create icon...
Excel Input has been passed as a string
Now holding: Effective Start Date
Element is now visible after 4 second/s.....
Excel Input has been passed as a string

**********
Excel Input has been passed as a string
Filtering text.....*Effective Start Date
Now holding: Effective Start Date
Excel Input has been passed as a Date
Old value is : Wed Mar 16 00:00:00 CST 2016
the value is now: 03/16/2016
Input value.....03/16/2016
Validating if dataLocator: Effective Start Date is visible.
Element is now visible after 0 second/s.....
Attempting to find known valid path for dataLocator: Effective Start Date
Valid Input path has been found after 0 tries...
Assigned path: 
//td/label[text()='Effective Start Date']/../../td/input
Attempting to catch element.....
Element has been refreshed after 0 tries.....
Checking next data locator.....
Excel Input has been passed as a string
Now holding: Department Set
Validating if dataLocator: Department Set is visible.
Element is now visible after 0 second/s.....
Attempting to find known valid path for dataLocator: Department Set
Valid Input path has been found after 1 tries...
Assigned path: 
//td/label[text()='Department Set']/../../td/span/input
Excel Input has been passed as a string

**********
Excel Input has been passed as a string
Filtering text.....*Department Set
Now holding: Department Set
Excel Input has been passed as a string
Input value.....Common Set
Validating if dataLocator: Department Set is visible.
Element is now visible after 0 second/s.....
Attempting to find known valid path for dataLocator: Department Set
Valid Input path has been found after 1 tries...
Assigned path: 
//td/label[text()='Department Set']/../../td/span/input
Attempting to catch element.....
Element has been refreshed after 0 tries.....
Checking next data locator.....
Excel Input has been passed as a string
Now holding: Name
Validating if dataLocator: Name is visible.
Element is now visible after 0 second/s.....
Attempting to find known valid path for dataLocator: Name
Valid Input path has been found after 0 tries...
Assigned path: 
//td/label[text()='Name']/../../td/input
Excel Input has been passed as a string

**********
Excel Input has been passed as a string
Filtering text.....*Name
Now holding: Name
Excel Input has been passed as a string
Input value.....ACN DOP DEPv1_10b1
Validating if dataLocator: Name is visible.
Element is now visible after 0 second/s.....
Attempting to find known valid path for dataLocator: Name
Valid Input path has been found after 0 tries...
Assigned path: 
//td/label[text()='Name']/../../td/input
Attempting to catch element.....
Element has been refreshed after 0 tries.....
Checking next data locator.....
Excel Input has been passed as a string
Now holding: Internal Address Line
Validating if dataLocator: Internal Address Line is visible.
Element is now visible after 0 second/s.....
Attempting to find known valid path for dataLocator: Internal Address Line
Valid Input path has been found after 0 tries...
Assigned path: 
//td/label[text()='Internal Address Line']/../../td/input
Excel Input has been passed as a string

**********
Excel Input has been passed as a string
Filtering text.....Internal Address Line
Now holding: Internal Address Line
Excel Input has been passed as a string
Input value.....
Validating if dataLocator: Internal Address Line is visible.
Element is now visible after 0 second/s.....
Attempting to find known valid path for dataLocator: Internal Address Line
Valid Input path has been found after 0 tries...
Assigned path: 
//td/label[text()='Internal Address Line']/../../td/input
Attempting to catch element.....
Element has been refreshed after 0 tries.....
Checking next data locator.....
Excel Input has been passed as a string
Now holding: Status
Validating if dataLocator: Status is visible.
Element is now visible after 0 second/s.....
Attempting to find known valid path for dataLocator: Status
Valid Input path has been found after 3 tries...
Assigned path: 
//td/label[text()='Status']/../../td/select
Excel Input has been passed as a string

**********
Excel Input has been passed as a string
Filtering text.....Status
Now holding: Status
Excel Input has been passed as a string
Input value.....Active
Validating if dataLocator: Status is visible.
Element is now visible after 0 second/s.....
Attempting to find known valid path for dataLocator: Status
Valid Input path has been found after 3 tries...
Assigned path: 
//td/label[text()='Status']/../../td/select
Attempting to catch element.....
Element has been refreshed after 0 tries.....
Element is now visible after 0 second/s.....
Attempting to catch element.....
Element has been refreshed after 0 tries.....
Checking next data locator.....
Excel Input has been passed as a string
Now holding: Action Reason
Validating if dataLocator: Action Reason is visible.
Element is now visible after 0 second/s.....
Attempting to find known valid path for dataLocator: Action Reason
Valid Input path has been found after 1 tries...
Assigned path: 
//td/label[text()='Action Reason']/../../td/span/input
Excel Input has been passed as a string

**********
Excel Input has been passed as a string
Filtering text.....Action Reason
Now holding: Action Reason
Excel Input has been passed as a string
Input value.....
Validating if dataLocator: Action Reason is visible.
Element is now visible after 0 second/s.....
Attempting to find known valid path for dataLocator: Action Reason
Valid Input path has been found after 1 tries...
Assigned path: 
//td/label[text()='Action Reason']/../../td/span/input
Attempting to catch element.....
Element has been refreshed after 0 tries.....
Checking next data locator.....
Excel Input has been passed as a string
Now holding: Location
Validating if dataLocator: Location is visible.
Element is now visible after 0 second/s.....
Attempting to find known valid path for dataLocator: Location
Valid Input path has been found after 2 tries...
Assigned path: 
//td/label[text()='Location']/../../td/span/span/input
Excel Input has been passed as a string

**********
Excel Input has been passed as a string
Filtering text.....Location
Now holding: Location
Excel Input has been passed as a string
Input value.....ACN US Location3
Validating if dataLocator: Location is visible.
Element is now visible after 0 second/s.....
Attempting to find known valid path for dataLocator: Location
Valid Input path has been found after 2 tries...
Assigned path: 
//td/label[text()='Location']/../../td/span/span/input
Attempting to catch element.....
Element has been refreshed after 0 tries.....
Checking next data locator.....
Excel Input has been passed as a string
Now holding: Context Value
Validating if dataLocator: Context Value is visible.
Element is now visible after 0 second/s.....
Attempting to find known valid path for dataLocator: Context Value
Valid Input path has been found after 3 tries...
Assigned path: 
//td/label[text()='Context Value']/../../td/select
Excel Input has been passed as a string

**********
Excel Input has been passed as a string
Filtering text.....Context Value
Now holding: Context Value
Excel Input has been passed as a string
Input value.....
Validating if dataLocator: Context Value is visible.
Element is now visible after 7 second/s.....
Attempting to find known valid path for dataLocator: Context Value
Valid Input path has been found after 3 tries...
Assigned path: 
//td/label[text()='Context Value']/../../td/select
Attempting to catch element.....
Element has been refreshed after 0 tries.....
Checking next data locator.....
Excel Input has been passed as a string
Now holding: Reporting Name
Validating if dataLocator: Reporting Name is visible.
The dataLocator: Reporting Name cannot be a label.
Clicking Next button...
Clicking Next...
Verifying container value.....
Last container value: '<div id="d1::msgDlg" class="xim"><div style="display: none;" class="x1kt" _afrpanelwindowbackground="1"></div><div style="display: none;" class="x1kt" _afrpanelwindowbackground="1"></div><div style="display: none;" class="x1kt" _afrpanelwindowbackground="1"></div><div style="display: none;" class="x1kt" _afrpanelwindowbackground="1"></div><table summary="" class="xej" border="0" cellpadding="0" cellspacing="0"><tbody><tr><td class="p_AFResizable x1jw" id="d1::msgDlg::_hse">&nbsp;</td><td class="p_AFResizable x1jy" id="d1::msgDlg::_hce"><table summary="" border="0" cellpadding="0" cellspacing="0" width="100%"><tbody><tr><td><div id="d1::msgDlg::_ticn" class="x1kn" style=""><img src="https://hcm-aufsn4x0cba.oracleoutsourcing.com/hcmCoreSetup/afr/error.png" alt=""></div></td><td style="-moz-user-select: none;" class="x1k2" id="d1::msgDlg::tb"><div id="d1::msgDlg::_ttxt" class="x1kl">Error</div></td><td><div class="x1kp"><a href="#" onclick="return false" class="x1kg" id="d1::msgDlg::close" title="Close"></a></div></td></tr></tbody></table></td><td class="p_AFResizable x1k0" id="d1::msgDlg::_hee">&nbsp;</td></tr><tr><td class="p_AFResizable xlj" id="d1::msgDlg::_cse">&nbsp;</td><td tabindex="-1" class="p_AFResizable x1o" id="d1::msgDlg::contentContainer"><div id="d1::msgDlg::_ccntr" class="x1k5" style="position:relative;overflow:auto;"><div id="d1::msgDlg::_cnt" class="x1gm"><div><div class="x1ha"></div><table class="x1ho af|messages::message-list-page" summary="" cellpadding="0" cellspacing="0"><tbody><tr><td class="x1hs"><table class="x1ho" summary="" cellpadding="0" cellspacing="0"><tbody><tr><td style="width: 0px;" valign="top"></td><td class="af|message::detail-cell"><div class="x1hk"><span>An object of type Department with the name ACN DOP DEPv1_10a2 already exists. Enter a unique name.</span></div></td></tr></tbody></table></td></tr></tbody></table></div></div></div></td><td class="p_AFResizable xls" id="d1::msgDlg::_cee">&nbsp;</td></tr><tr><td class="p_AFResizable x1k9" id="d1::msgDlg::_fse"><div></div></td><td class="p_AFResizable x1kb" id="d1::msgDlg::_fce"><table summary="" border="0" cellpadding="0" cellspacing="0" width="100%"><tbody><tr><td class="p_AFResizable x1ke" id="d1::msgDlg::_fcc"><button _afrpdo="cancel" type="button" id="d1::msgDlg::cancel" class="xqv p_AFTextOnly" onclick="return false;">OK</button></td><td align="left" valign="bottom"><div class="p_AFResizable x1kk"><a tabindex="-1" class="x1ki" id="d1::msgDlg::_ree" title="Resize"></a></div></td></tr></tbody></table></td><td class="p_AFResizable x1kd" id="d1::msgDlg::_fee"><div></div></td></tr></tbody></table></div>'
after 5 tries.
Verifying container value.....
Last container value: ''
after 1 tries.
Verifying container value.....
Last container value: '<div id="d1::msgDlg" class="xim"><div style="display: none;" class="x1kt" _afrpanelwindowbackground="1"></div><div style="display: none;" class="x1kt" _afrpanelwindowbackground="1"></div><div style="display: none;" class="x1kt" _afrpanelwindowbackground="1"></div><div style="display: none;" class="x1kt" _afrpanelwindowbackground="1"></div><table summary="" class="xej" border="0" cellpadding="0" cellspacing="0"><tbody><tr><td class="p_AFResizable x1jw" id="d1::msgDlg::_hse">&nbsp;</td><td class="p_AFResizable x1jy" id="d1::msgDlg::_hce"><table summary="" border="0" cellpadding="0" cellspacing="0" width="100%"><tbody><tr><td><div id="d1::msgDlg::_ticn" class="x1kn" style=""><img src="https://hcm-aufsn4x0cba.oracleoutsourcing.com/hcmCoreSetup/afr/error.png" alt=""></div></td><td style="-moz-user-select: none;" class="x1k2" id="d1::msgDlg::tb"><div id="d1::msgDlg::_ttxt" class="x1kl">Error</div></td><td><div class="x1kp"><a href="#" onclick="return false" class="x1kg" id="d1::msgDlg::close" title="Close"></a></div></td></tr></tbody></table></td><td class="p_AFResizable x1k0" id="d1::msgDlg::_hee">&nbsp;</td></tr><tr><td class="p_AFResizable xlj" id="d1::msgDlg::_cse">&nbsp;</td><td tabindex="-1" class="p_AFResizable x1o" id="d1::msgDlg::contentContainer"><div id="d1::msgDlg::_ccntr" class="x1k5" style="position:relative;overflow:auto;"><div id="d1::msgDlg::_cnt" class="x1gm"><div><div class="x1ha"></div><table class="x1ho af|messages::message-list-page" summary="" cellpadding="0" cellspacing="0"><tbody><tr><td class="x1hs"><table class="x1ho" summary="" cellpadding="0" cellspacing="0"><tbody><tr><td style="width: 0px;" valign="top"></td><td class="af|message::detail-cell"><div class="x1hk"><span>An object of type Department with the name ACN DOP DEPv1_10a2 already exists. Enter a unique name.</span></div></td></tr></tbody></table></td></tr></tbody></table></div></div></div></td><td class="p_AFResizable xls" id="d1::msgDlg::_cee">&nbsp;</td></tr><tr><td class="p_AFResizable x1k9" id="d1::msgDlg::_fse"><div></div></td><td class="p_AFResizable x1kb" id="d1::msgDlg::_fce"><table summary="" border="0" cellpadding="0" cellspacing="0" width="100%"><tbody><tr><td class="p_AFResizable x1ke" id="d1::msgDlg::_fcc"><button _afrpdo="cancel" type="button" id="d1::msgDlg::cancel" class="xqv p_AFTextOnly" onclick="return false;">OK</button></td><td align="left" valign="bottom"><div class="p_AFResizable x1kk"><a tabindex="-1" class="x1ki" id="d1::msgDlg::_ree" title="Resize"></a></div></td></tr></tbody></table></td><td class="p_AFResizable x1kd" id="d1::msgDlg::_fee"><div></div></td></tr></tbody></table></div>'
after 5 tries.
Verifying container value.....
Last container value: ''
after 1 tries.
Element is now visible after 7 second/s.....
Excel Input has been passed as a string

**********
Excel Input has been passed as a string
Filtering text.....Reporting Name
Now holding: Reporting Name
Excel Input has been passed as a string
Input value.....ACN DOP DEP3
Validating if dataLocator: Reporting Name is visible.
Element is now visible after 0 second/s.....
Attempting to find known valid path for dataLocator: Reporting Name
Valid Input path has been found after 0 tries...
Assigned path: 
//td/label[text()='Reporting Name']/../../td/input
Attempting to catch element.....
Element has been refreshed after 0 tries.....
Checking next data locator.....
Excel Input has been passed as a string
Now holding: Manager
Validating if dataLocator: Manager is visible.
Element is now visible after 0 second/s.....
Attempting to find known valid path for dataLocator: Manager
Valid Input path has been found after 1 tries...
Assigned path: 
//td/label[text()='Manager']/../../td/span/input
Excel Input has been passed as a string

**********
Excel Input has been passed as a string
Filtering text.....Manager
Now holding: Manager
Excel Input has been passed as a string
Input value.....
Validating if dataLocator: Manager is visible.
Element is now visible after 0 second/s.....
Attempting to find known valid path for dataLocator: Manager
Valid Input path has been found after 1 tries...
Assigned path: 
//td/label[text()='Manager']/../../td/span/input
Attempting to catch element.....
Element has been refreshed after 0 tries.....
Checking next data locator.....
Excel Input has been passed as a string
Now holding: Work Start Time
Validating if dataLocator: Work Start Time is visible.
Element is now visible after 0 second/s.....
Attempting to find known valid path for dataLocator: Work Start Time
Valid Input path has been found after 0 tries...
Assigned path: 
//td/label[text()='Work Start Time']/../../td/input
Excel Input has been passed as a string

**********
Excel Input has been passed as a string
Filtering text.....Work Start Time
Now holding: Work Start Time
Excel Input has been passed as a time
Input value.....10:00
Validating if dataLocator: Work Start Time is visible.
Element is now visible after 0 second/s.....
Attempting to find known valid path for dataLocator: Work Start Time
Valid Input path has been found after 0 tries...
Assigned path: 
//td/label[text()='Work Start Time']/../../td/input
Attempting to catch element.....
Element has been refreshed after 0 tries.....
Checking next data locator.....
Excel Input has been passed as a string
Now holding: Work End Time
Validating if dataLocator: Work End Time is visible.
Element is now visible after 0 second/s.....
Attempting to find known valid path for dataLocator: Work End Time
Valid Input path has been found after 0 tries...
Assigned path: 
//td/label[text()='Work End Time']/../../td/input
Excel Input has been passed as a string

**********
Excel Input has been passed as a string
Filtering text.....Work End Time
Now holding: Work End Time
Excel Input has been passed as a time
Input value.....18:00
Validating if dataLocator: Work End Time is visible.
Element is now visible after 0 second/s.....
Attempting to find known valid path for dataLocator: Work End Time
Valid Input path has been found after 0 tries...
Assigned path: 
//td/label[text()='Work End Time']/../../td/input
Attempting to catch element.....
Element has been refreshed after 0 tries.....
Checking next data locator.....
Excel Input has been passed as a string
Now holding: Standard Working Hours
Validating if dataLocator: Standard Working Hours is visible.
Element is now visible after 0 second/s.....
Attempting to find known valid path for dataLocator: Standard Working Hours
Valid Input path has been found after 0 tries...
Assigned path: 
//td/label[text()='Standard Working Hours']/../../td/input
Excel Input has been passed as a string

**********
Excel Input has been passed as a string
Filtering text.....Standard Working Hours
Now holding: Standard Working Hours
Excel Input has been passed as a string
Input value.....55
Validating if dataLocator: Standard Working Hours is visible.
Element is now visible after 0 second/s.....
Attempting to find known valid path for dataLocator: Standard Working Hours
Valid Input path has been found after 0 tries...
Assigned path: 
//td/label[text()='Standard Working Hours']/../../td/input
Attempting to catch element.....
Element has been refreshed after 0 tries.....
Checking next data locator.....
Excel Input has been passed as a string
Now holding: Standard Working Hours Frequency
Validating if dataLocator: Standard Working Hours Frequency is visible.
Element is now visible after 0 second/s.....
Attempting to find known valid path for dataLocator: Standard Working Hours Frequency
Valid Input path has been found after 1 tries...
Assigned path: 
//td/label[text()='Standard Working Hours Frequency']/../../td/span/input
Excel Input has been passed as a string

**********
Excel Input has been passed as a string
Filtering text.....Standard Working Hours Frequency
Now holding: Standard Working Hours Frequency
Excel Input has been passed as a string
Input value.....
Validating if dataLocator: Standard Working Hours Frequency is visible.
Element is now visible after 0 second/s.....
Attempting to find known valid path for dataLocator: Standard Working Hours Frequency
Valid Input path has been found after 1 tries...
Assigned path: 
//td/label[text()='Standard Working Hours Frequency']/../../td/span/input
Attempting to catch element.....
Element has been refreshed after 0 tries.....
Checking next data locator.....
Excel Input has been passed as a string
Now holding: France - Specific Work Accident Rate
Validating if dataLocator: Specific Work Accident Rate is visible.
Element is now visible after 0 second/s.....
Attempting to find known valid path for dataLocator: Specific Work Accident Rate
Valid Input path has been found after 1 tries...
Assigned path: 
//td/label[text()='Specific Work Accident Rate']/../../td/span/input
Excel Input has been passed as a string

**********
Excel Input has been passed as a string
Filtering text.....France - Specific Work Accident Rate
Now holding: France - Specific Work Accident Rate
Excel Input has been passed as a string
Input value.....
Validating if dataLocator: Specific Work Accident Rate is visible.
Element is now visible after 0 second/s.....
Attempting to find known valid path for dataLocator: Specific Work Accident Rate
Valid Input path has been found after 1 tries...
Assigned path: 
//td/label[text()='Specific Work Accident Rate']/../../td/span/input
Attempting to catch element.....
Element has been refreshed after 0 tries.....
Checking next data locator.....
Excel Input has been passed as a string
error encountered while parsing.....
Now holding: 
The dataLocator:  cannot be a label.
Clicking Submit button...
Clicking Submit...
Verifying container value.....
Last container value: ''
after 1 tries.
Verifying container value.....
Last container value: '<div id="d1::msgDlg" class="xim"><div style="display: none;" class="x1kt" _afrpanelwindowbackground="1"></div><div style="display: none;" class="x1kt" _afrpanelwindowbackground="1"></div><div style="display: none;" class="x1kt" _afrpanelwindowbackground="1"></div><div style="display: none;" class="x1kt" _afrpanelwindowbackground="1"></div><table summary="" class="xej" border="0" cellpadding="0" cellspacing="0"><tbody><tr><td class="p_AFResizable x1jw" id="d1::msgDlg::_hse">&nbsp;</td><td class="p_AFResizable x1jy" id="d1::msgDlg::_hce"><table summary="" border="0" cellpadding="0" cellspacing="0" width="100%"><tbody><tr><td><div id="d1::msgDlg::_ticn" class="x1kn" style=""><img src="https://hcm-aufsn4x0cba.oracleoutsourcing.com/hcmCoreSetup/afr/error.png" alt=""></div></td><td style="-moz-user-select: none;" class="x1k2" id="d1::msgDlg::tb"><div id="d1::msgDlg::_ttxt" class="x1kl">Error</div></td><td><div class="x1kp"><a href="#" onclick="return false" class="x1kg" id="d1::msgDlg::close" title="Close"></a></div></td></tr></tbody></table></td><td class="p_AFResizable x1k0" id="d1::msgDlg::_hee">&nbsp;</td></tr><tr><td class="p_AFResizable xlj" id="d1::msgDlg::_cse">&nbsp;</td><td tabindex="-1" class="p_AFResizable x1o" id="d1::msgDlg::contentContainer"><div id="d1::msgDlg::_ccntr" class="x1k5" style="position:relative;overflow:auto;"><div id="d1::msgDlg::_cnt" class="x1gm"><div><div class="x1ha"></div><table class="x1ho af|messages::message-list-page" summary="" cellpadding="0" cellspacing="0"><tbody><tr><td class="x1hs"><table class="x1ho" summary="" cellpadding="0" cellspacing="0"><tbody><tr><td style="width: 0px;" valign="top"></td><td class="af|message::detail-cell"><div class="x1hk"><span>An object of type Department with the name ACN DOP DEPv1_10a2 already exists. Enter a unique name.</span></div></td></tr></tbody></table></td></tr></tbody></table></div></div></div></td><td class="p_AFResizable xls" id="d1::msgDlg::_cee">&nbsp;</td></tr><tr><td class="p_AFResizable x1k9" id="d1::msgDlg::_fse"><div></div></td><td class="p_AFResizable x1kb" id="d1::msgDlg::_fce"><table summary="" border="0" cellpadding="0" cellspacing="0" width="100%"><tbody><tr><td class="p_AFResizable x1ke" id="d1::msgDlg::_fcc"><button _afrpdo="cancel" type="button" id="d1::msgDlg::cancel" class="xqv p_AFTextOnly" onclick="return false;">OK</button></td><td align="left" valign="bottom"><div class="p_AFResizable x1kk"><a tabindex="-1" class="x1ki" id="d1::msgDlg::_ree" title="Resize"></a></div></td></tr></tbody></table></td><td class="p_AFResizable x1kd" id="d1::msgDlg::_fee"><div></div></td></tr></tbody></table></div>'
after 5 tries.
Verifying container value.....
Last container value: ''
after 1 tries.
Verifying container value.....
Last container value: '<div id="d1::msgDlg" class="xim"><div style="display: none;" class="x1kt" _afrpanelwindowbackground="1"></div><div style="display: none;" class="x1kt" _afrpanelwindowbackground="1"></div><div style="display: none;" class="x1kt" _afrpanelwindowbackground="1"></div><div style="display: none;" class="x1kt" _afrpanelwindowbackground="1"></div><table summary="" class="xej" border="0" cellpadding="0" cellspacing="0"><tbody><tr><td class="p_AFResizable x1jw" id="d1::msgDlg::_hse">&nbsp;</td><td class="p_AFResizable x1jy" id="d1::msgDlg::_hce"><table summary="" border="0" cellpadding="0" cellspacing="0" width="100%"><tbody><tr><td><div id="d1::msgDlg::_ticn" class="x1kn" style=""><img src="https://hcm-aufsn4x0cba.oracleoutsourcing.com/hcmCoreSetup/afr/error.png" alt=""></div></td><td style="-moz-user-select: none;" class="x1k2" id="d1::msgDlg::tb"><div id="d1::msgDlg::_ttxt" class="x1kl">Error</div></td><td><div class="x1kp"><a href="#" onclick="return false" class="x1kg" id="d1::msgDlg::close" title="Close"></a></div></td></tr></tbody></table></td><td class="p_AFResizable x1k0" id="d1::msgDlg::_hee">&nbsp;</td></tr><tr><td class="p_AFResizable xlj" id="d1::msgDlg::_cse">&nbsp;</td><td tabindex="-1" class="p_AFResizable x1o" id="d1::msgDlg::contentContainer"><div id="d1::msgDlg::_ccntr" class="x1k5" style="position:relative;overflow:auto;"><div id="d1::msgDlg::_cnt" class="x1gm"><div><div class="x1ha"></div><table class="x1ho af|messages::message-list-page" summary="" cellpadding="0" cellspacing="0"><tbody><tr><td class="x1hs"><table class="x1ho" summary="" cellpadding="0" cellspacing="0"><tbody><tr><td style="width: 0px;" valign="top"></td><td class="af|message::detail-cell"><div class="x1hk"><span>An object of type Department with the name ACN DOP DEPv1_10a2 already exists. Enter a unique name.</span></div></td></tr></tbody></table></td></tr></tbody></table></div></div></div></td><td class="p_AFResizable xls" id="d1::msgDlg::_cee">&nbsp;</td></tr><tr><td class="p_AFResizable x1k9" id="d1::msgDlg::_fse"><div></div></td><td class="p_AFResizable x1kb" id="d1::msgDlg::_fce"><table summary="" border="0" cellpadding="0" cellspacing="0" width="100%"><tbody><tr><td class="p_AFResizable x1ke" id="d1::msgDlg::_fcc"><button _afrpdo="cancel" type="button" id="d1::msgDlg::cancel" class="xqv p_AFTextOnly" onclick="return false;">OK</button></td><td align="left" valign="bottom"><div class="p_AFResizable x1kk"><a tabindex="-1" class="x1ki" id="d1::msgDlg::_ree" title="Resize"></a></div></td></tr></tbody></table></td><td class="p_AFResizable x1kd" id="d1::msgDlg::_fee"><div></div></td></tr></tbody></table></div>'
after 5 tries.
Element is now visible after 3 second/s.....
Clicking Yes button...
Clicking Yes...
Element is now visible after 3 second/s.....
Clicking OK button...
Clicking OK...
Clicking Manage Departments link...
Clicking Manage Departments...
Element is now visible after 0 second/s.....
Excel Input has been passed as a string
Now holding: ACN DOP DEPv1_10b1
Validating if dataLocator: Name is visible.
Element is now visible after 0 second/s.....
Attempting to find known valid path for dataLocator: Name
Valid Input path has been found after 5 tries...
Assigned path: 
//td/label[text()='Name']/../../td/table/tbody/tr/td/table/tbody/tr/td/span/input
Attempting to catch element.....
Element has been refreshed after 0 tries.....
The loop has ended after 3 second/s.....
Input has been successfully encoded...
Clicking Search button...
Clicking Search...
Clicking Search button...
Clicking Search...
]]></system-out>
    <system-err><![CDATA[common.DuplicateEntryException: Error FOUND: 
  
    An object of type Department with the name ACN DOP DEPv1_10a1 already exists. Enter a unique name.
  
	at common.TaskUtilities.jsCheckMessageContainer(TaskUtilities.java:425)
	at hcm.tests.ManageDepartmentsTest$1.customRun(ManageDepartmentsTest.java:127)
	at common.TaskUtilities.customWaitForElementVisibility(TaskUtilities.java:150)
	at hcm.tests.ManageDepartmentsTest.createDepartment(ManageDepartmentsTest.java:122)
	at hcm.tests.ManageDepartmentsTest.a_test(ManageDepartmentsTest.java:24)
	at sun.reflect.NativeMethodAccessorImpl.invoke0(Native Method)
	at sun.reflect.NativeMethodAccessorImpl.invoke(NativeMethodAccessorImpl.java:57)
	at sun.reflect.DelegatingMethodAccessorImpl.invoke(DelegatingMethodAccessorImpl.java:43)
	at java.lang.reflect.Method.invoke(Method.java:606)
	at org.testng.internal.MethodInvocationHelper.invokeMethod(MethodInvocationHelper.java:85)
	at org.testng.internal.Invoker.invokeMethod(Invoker.java:639)
	at org.testng.internal.Invoker.invokeTestMethod(Invoker.java:821)
	at org.testng.internal.Invoker.invokeTestMethods(Invoker.java:1131)
	at org.testng.internal.TestMethodWorker.invokeTestMethods(TestMethodWorker.java:124)
	at org.testng.internal.TestMethodWorker.run(TestMethodWorker.java:108)
	at org.testng.TestRunner.privateRun(TestRunner.java:773)
	at org.testng.TestRunner.run(TestRunner.java:623)
	at org.testng.SuiteRunner.runTest(SuiteRunner.java:357)
	at org.testng.SuiteRunner.runSequentially(SuiteRunner.java:352)
	at org.testng.SuiteRunner.privateRun(SuiteRunner.java:310)
	at org.testng.SuiteRunner.run(SuiteRunner.java:259)
	at org.testng.SuiteRunnerWorker.runSuite(SuiteRunnerWorker.java:52)
	at org.testng.SuiteRunnerWorker.run(SuiteRunnerWorker.java:86)
	at org.testng.TestNG.runSuitesSequentially(TestNG.java:1185)
	at org.testng.TestNG.runSuitesLocally(TestNG.java:1110)
	at org.testng.TestNG.run(TestNG.java:1018)
	at org.apache.maven.surefire.testng.TestNGExecutor.run(TestNGExecutor.java:295)
	at org.apache.maven.surefire.testng.TestNGXmlTestSuite.execute(TestNGXmlTestSuite.java:84)
	at org.apache.maven.surefire.testng.TestNGProvider.invoke(TestNGProvider.java:90)
	at org.apache.maven.surefire.booter.ForkedBooter.invokeProviderInSameClassLoader(ForkedBooter.java:203)
	at org.apache.maven.surefire.booter.ForkedBooter.runSuitesInProcess(ForkedBooter.java:155)
	at org.apache.maven.surefire.booter.ForkedBooter.main(ForkedBooter.java:103)
common.DuplicateEntryException: Error FOUND: 
  
    An object of type Department with the name ACN DOP DEPv1_10a2 already exists. Enter a unique name.
  
	at common.TaskUtilities.jsCheckMessageContainer(TaskUtilities.java:425)
	at hcm.tests.ManageDepartmentsTest$1.customRun(ManageDepartmentsTest.java:127)
	at common.TaskUtilities.customWaitForElementVisibility(TaskUtilities.java:150)
	at hcm.tests.ManageDepartmentsTest.createDepartment(ManageDepartmentsTest.java:122)
	at hcm.tests.ManageDepartmentsTest.a_test(ManageDepartmentsTest.java:24)
	at sun.reflect.NativeMethodAccessorImpl.invoke0(Native Method)
	at sun.reflect.NativeMethodAccessorImpl.invoke(NativeMethodAccessorImpl.java:57)
	at sun.reflect.DelegatingMethodAccessorImpl.invoke(DelegatingMethodAccessorImpl.java:43)
	at java.lang.reflect.Method.invoke(Method.java:606)
	at org.testng.internal.MethodInvocationHelper.invokeMethod(MethodInvocationHelper.java:85)
	at org.testng.internal.Invoker.invokeMethod(Invoker.java:639)
	at org.testng.internal.Invoker.invokeTestMethod(Invoker.java:821)
	at org.testng.internal.Invoker.invokeTestMethods(Invoker.java:1131)
	at org.testng.internal.TestMethodWorker.invokeTestMethods(TestMethodWorker.java:124)
	at org.testng.internal.TestMethodWorker.run(TestMethodWorker.java:108)
	at org.testng.TestRunner.privateRun(TestRunner.java:773)
	at org.testng.TestRunner.run(TestRunner.java:623)
	at org.testng.SuiteRunner.runTest(SuiteRunner.java:357)
	at org.testng.SuiteRunner.runSequentially(SuiteRunner.java:352)
	at org.testng.SuiteRunner.privateRun(SuiteRunner.java:310)
	at org.testng.SuiteRunner.run(SuiteRunner.java:259)
	at org.testng.SuiteRunnerWorker.runSuite(SuiteRunnerWorker.java:52)
	at org.testng.SuiteRunnerWorker.run(SuiteRunnerWorker.java:86)
	at org.testng.TestNG.runSuitesSequentially(TestNG.java:1185)
	at org.testng.TestNG.runSuitesLocally(TestNG.java:1110)
	at org.testng.TestNG.run(TestNG.java:1018)
	at org.apache.maven.surefire.testng.TestNGExecutor.run(TestNGExecutor.java:295)
	at org.apache.maven.surefire.testng.TestNGXmlTestSuite.execute(TestNGXmlTestSuite.java:84)
	at org.apache.maven.surefire.testng.TestNGProvider.invoke(TestNGProvider.java:90)
	at org.apache.maven.surefire.booter.ForkedBooter.invokeProviderInSameClassLoader(ForkedBooter.java:203)
	at org.apache.maven.surefire.booter.ForkedBooter.runSuitesInProcess(ForkedBooter.java:155)
	at org.apache.maven.surefire.booter.ForkedBooter.main(ForkedBooter.java:103)
]]></system-err>
  </testcase>
</testsuite>